21:55:24 [App     ] Build date: Feb 26 2020, 23:32:00
21:55:24 [App     ] CPU: Intel(R) Core(TM) i5-6300HQ CPU @ 2.30GHz (4 cores)
21:55:24 [App     ] RAM: 15.56GB Physical Memory 7.81GB Virtual Memory
21:55:24 [App     ] OS: Linux 4.15.0-96-generic (x86_64)
21:55:24 [App     ] SSE & AVX compatible CPU & OS detected
21:55:24 [App     ] Command line: scene_dense_mesh.mvs --scales 2 -w /home/qys/Documents/graduate_code/Code/3D_constructor_server/src/main/resources/static/api/models/878076/model/mvs
21:55:25 [App     ] Scene loaded (670ms):
	11 images (11 calibrated) with a total of 63.22 MPixels (5.75 MPixels/image)
	0 points, 452112 vertices, 903885 faces
21:55:38 [App     ] Cleaned mesh: 84907 vertices, 169478 faces (8s920ms)
21:55:38 [App     ] Cleaned mesh: 84907 vertices, 169478 faces (369ms)
21:55:51 [App     ] Cleaned mesh: 70378 vertices, 140239 faces (323ms)
21:55:51 [App     ] Mesh subdivided: 84907/169478 -> 70378/140239 vertices/faces
21:55:57 [App     ] 	 1. f: 0.52884 (7.5143e-06)	g: 0.05373 (7.6345e-07 - 1.0292e-04)	s: 0.500	v:     0
21:56:02 [App     ] 	 2. f: 0.51935 (7.3795e-06)	g: 0.03475 (4.9379e-07 - 8.2377e-05)	s: 0.490	v:     0
21:56:08 [App     ] 	 3. f: 0.51463 (7.3124e-06)	g: 0.02824 (4.0127e-07 - 6.9896e-05)	s: 0.480	v:     0
21:56:14 [App     ] 	 4. f: 0.51222 (7.2781e-06)	g: 0.02439 (3.4657e-07 - 6.1279e-05)	s: 0.471	v:     0
21:56:19 [App     ] 	 5. f: 0.51087 (7.2589e-06)	g: 0.02134 (3.0325e-07 - 5.4723e-05)	s: 0.461	v:     0
21:56:25 [App     ] 	 6. f: 0.50997 (7.2462e-06)	g: 0.01949 (2.7693e-07 - 4.9814e-05)	s: 0.452	v:     0
21:56:31 [App     ] 	 7. f: 0.50942 (7.2384e-06)	g: 0.01764 (2.5062e-07 - 4.5696e-05)	s: 0.443	v:     0
21:56:36 [App     ] 	 8. f: 0.50895 (7.2317e-06)	g: 0.01634 (2.3223e-07 - 4.2497e-05)	s: 0.434	v:     0
21:56:42 [App     ] 	 9. f: 0.50867 (7.2277e-06)	g: 0.01528 (2.1716e-07 - 3.9752e-05)	s: 0.425	v:     0
21:56:48 [App     ] 	10. f: 0.50840 (7.2239e-06)	g: 0.01432 (2.0347e-07 - 3.7455e-05)	s: 0.417	v:     0
21:56:54 [App     ] 	11. f: 0.50815 (7.2203e-06)	g: 0.01426 (2.0265e-07 - 3.5616e-05)	s: 0.409	v:     0
21:56:59 [App     ] 	12. f: 0.50804 (7.2187e-06)	g: 0.01331 (1.8913e-07 - 3.3863e-05)	s: 0.400	v:     0
21:57:05 [App     ] 	13. f: 0.50790 (7.2167e-06)	g: 0.01290 (1.8334e-07 - 3.2389e-05)	s: 0.392	v:     0
21:57:12 [App     ] 	14. f: 0.50772 (7.2141e-06)	g: 0.01250 (1.7757e-07 - 3.1095e-05)	s: 0.385	v:     0
21:57:19 [App     ] 	15. f: 0.50755 (7.2117e-06)	g: 0.01203 (1.7097e-07 - 2.9965e-05)	s: 0.377	v:     0
21:57:25 [App     ] 	16. f: 0.50737 (7.2091e-06)	g: 0.01192 (1.6942e-07 - 2.8899e-05)	s: 0.369	v:     0
21:57:30 [App     ] 	17. f: 0.50724 (7.2074e-06)	g: 0.01098 (1.5608e-07 - 2.7931e-05)	s: 0.362	v:     0
21:57:36 [App     ] 	18. f: 0.50710 (7.2054e-06)	g: 0.01161 (1.6498e-07 - 2.7162e-05)	s: 0.355	v:     0
21:57:42 [App     ] 	19. f: 0.50698 (7.2036e-06)	g: 0.01025 (1.4563e-07 - 2.6275e-05)	s: 0.348	v:     0
21:57:47 [App     ] 	20. f: 0.50684 (7.2017e-06)	g: 0.01101 (1.5645e-07 - 2.5687e-05)	s: 0.341	v:     0
21:57:53 [App     ] 	21. f: 0.50675 (7.2003e-06)	g: 0.01006 (1.4293e-07 - 2.5031e-05)	s: 0.334	v:     0
21:57:59 [App     ] 	22. f: 0.50658 (7.1979e-06)	g: 0.00968 (1.3757e-07 - 2.4383e-05)	s: 0.327	v:     0
21:58:05 [App     ] 	23. f: 0.50647 (7.1965e-06)	g: 0.00946 (1.3439e-07 - 2.3827e-05)	s: 0.321	v:     0
21:58:10 [App     ] 	24. f: 0.50639 (7.1953e-06)	g: 0.00905 (1.2865e-07 - 2.3273e-05)	s: 0.314	v:     0
21:58:16 [App     ] 	25. f: 0.50629 (7.1939e-06)	g: 0.00910 (1.2932e-07 - 2.2873e-05)	s: 0.308	v:     0
21:58:22 [App     ] 	26. f: 0.50623 (7.1930e-06)	g: 0.00908 (1.2898e-07 - 2.2457e-05)	s: 0.302	v:     0
21:58:27 [App     ] 	27. f: 0.50612 (7.1915e-06)	g: 0.00849 (1.2065e-07 - 2.1944e-05)	s: 0.296	v:     0
21:58:33 [App     ] 	28. f: 0.50606 (7.1906e-06)	g: 0.00851 (1.2099e-07 - 2.1580e-05)	s: 0.290	v:     0
21:58:39 [App     ] 	29. f: 0.50598 (7.1895e-06)	g: 0.00881 (1.2524e-07 - 2.1214e-05)	s: 0.284	v:     0
21:58:44 [App     ] 	30. f: 0.50591 (7.1884e-06)	g: 0.00806 (1.1455e-07 - 2.0838e-05)	s: 0.278	v:     0
21:58:50 [App     ] 	31. f: 0.50583 (7.1873e-06)	g: 0.00826 (1.1742e-07 - 2.0584e-05)	s: 0.273	v:     0
21:58:56 [App     ] 	32. f: 0.50578 (7.1866e-06)	g: 0.00799 (1.1357e-07 - 2.0282e-05)	s: 0.267	v:     0
21:59:01 [App     ] 	33. f: 0.50567 (7.1851e-06)	g: 0.00831 (1.1813e-07 - 2.0771e-05)	s: 0.262	v:     0
21:59:07 [App     ] 	34. f: 0.50575 (7.1861e-06)	g: 0.00952 (1.3524e-07 - 2.0583e-05)	s: 0.257	v:     0
21:59:13 [App     ] 	35. f: 0.50582 (7.1872e-06)	g: 0.00857 (1.2179e-07 - 2.0236e-05)	s: 0.252	v:     0
21:59:19 [App     ] 	36. f: 0.50585 (7.1876e-06)	g: 0.00804 (1.1423e-07 - 1.9857e-05)	s: 0.247	v:     0
21:59:24 [App     ] 	37. f: 0.50590 (7.1883e-06)	g: 0.00836 (1.1876e-07 - 1.9618e-05)	s: 0.242	v:     0
21:59:30 [App     ] 	38. f: 0.50592 (7.1886e-06)	g: 0.00782 (1.1118e-07 - 1.9373e-05)	s: 0.237	v:     0
21:59:36 [App     ] 	39. f: 0.50595 (7.1890e-06)	g: 0.00792 (1.1249e-07 - 1.9149e-05)	s: 0.232	v:     0
21:59:41 [App     ] 	40. f: 0.50600 (7.1898e-06)	g: 0.00806 (1.1457e-07 - 1.8978e-05)	s: 0.227	v:     0
21:59:47 [App     ] 	41. f: 0.50600 (7.1898e-06)	g: 0.00776 (1.1024e-07 - 1.8739e-05)	s: 0.223	v:     0
21:59:53 [App     ] 	42. f: 0.50606 (7.1906e-06)	g: 0.00730 (1.0374e-07 - 1.8507e-05)	s: 0.218	v:     0
21:59:59 [App     ] 	43. f: 0.50608 (7.1908e-06)	g: 0.00742 (1.0549e-07 - 1.8341e-05)	s: 0.214	v:     0
22:00:04 [App     ] 	44. f: 0.50610 (7.1911e-06)	g: 0.00757 (1.0761e-07 - 1.8190e-05)	s: 0.210	v:     0
22:00:10 [App     ] 	45. f: 0.50612 (7.1915e-06)	g: 0.00729 (1.0356e-07 - 1.8029e-05)	s: 0.206	v:     0
22:00:12 [App     ] Mesh subdivided: 70378/140239 -> 80555/160456 vertices/faces
22:00:33 [App     ] 	 1. f: 0.55751 (6.9208e-06)	g: 0.02989 (3.7107e-07 - 6.6574e-05)	s: 0.500	v:     0
22:00:54 [App     ] 	 2. f: 0.54547 (6.7714e-06)	g: 0.02185 (2.7130e-07 - 5.2900e-05)	s: 0.490	v:     0
22:01:16 [App     ] 	 3. f: 0.53692 (6.6652e-06)	g: 0.01820 (2.2599e-07 - 4.5013e-05)	s: 0.480	v:     0
22:01:37 [App     ] 	 4. f: 0.53040 (6.5843e-06)	g: 0.01615 (2.0052e-07 - 3.9627e-05)	s: 0.471	v:     0
22:01:58 [App     ] 	 5. f: 0.52534 (6.5215e-06)	g: 0.01433 (1.7790e-07 - 3.5475e-05)	s: 0.461	v:     0
22:02:21 [App     ] 	 6. f: 0.52129 (6.4712e-06)	g: 0.01333 (1.6549e-07 - 3.2285e-05)	s: 0.452	v:     0
22:02:45 [App     ] 	 7. f: 0.51806 (6.4311e-06)	g: 0.01208 (1.4990e-07 - 2.9734e-05)	s: 0.443	v:     0
22:03:06 [App     ] 	 8. f: 0.51536 (6.3976e-06)	g: 0.01118 (1.3884e-07 - 2.7616e-05)	s: 0.434	v:     0
22:03:27 [App     ] 	 9. f: 0.51315 (6.3702e-06)	g: 0.01048 (1.3015e-07 - 2.5828e-05)	s: 0.425	v:     0
22:03:48 [App     ] 	10. f: 0.51134 (6.3477e-06)	g: 0.00983 (1.2202e-07 - 2.4338e-05)	s: 0.417	v:     0
22:04:10 [App     ] 	11. f: 0.50979 (6.3284e-06)	g: 0.00950 (1.1795e-07 - 2.3115e-05)	s: 0.409	v:     0
22:04:31 [App     ] 	12. f: 0.50851 (6.3126e-06)	g: 0.00982 (1.2190e-07 - 2.2083e-05)	s: 0.400	v:     0
22:04:52 [App     ] 	13. f: 0.50744 (6.2993e-06)	g: 0.00864 (1.0730e-07 - 2.1060e-05)	s: 0.392	v:     0
22:05:13 [App     ] 	14. f: 0.50647 (6.2873e-06)	g: 0.00837 (1.0393e-07 - 2.0236e-05)	s: 0.385	v:     0
22:05:35 [App     ] 	15. f: 0.50566 (6.2772e-06)	g: 0.00781 (9.6986e-08 - 1.9397e-05)	s: 0.377	v:     0
22:05:56 [App     ] 	16. f: 0.50496 (6.2685e-06)	g: 0.00846 (1.0498e-07 - 1.8845e-05)	s: 0.369	v:     0
22:06:17 [App     ] 	17. f: 0.50432 (6.2606e-06)	g: 0.00831 (1.0311e-07 - 1.8912e-05)	s: 0.362	v:     0
22:06:38 [App     ] 	18. f: 0.50400 (6.2566e-06)	g: 0.00760 (9.4321e-08 - 1.8256e-05)	s: 0.355	v:     0
22:07:00 [App     ] 	19. f: 0.50370 (6.2529e-06)	g: 0.00724 (8.9815e-08 - 1.7684e-05)	s: 0.348	v:     0
22:07:21 [App     ] 	20. f: 0.50345 (6.2498e-06)	g: 0.00698 (8.6629e-08 - 1.7207e-05)	s: 0.341	v:     0
22:07:44 [App     ] 	21. f: 0.50324 (6.2471e-06)	g: 0.00674 (8.3681e-08 - 1.6750e-05)	s: 0.334	v:     0
22:08:06 [App     ] 	22. f: 0.50304 (6.2447e-06)	g: 0.00663 (8.2314e-08 - 1.6369e-05)	s: 0.327	v:     0
22:08:06 [App     ] Mesh refinement completed: 80555 vertices, 160456 faces (12m40s907ms)
22:08:06 [App     ] Scene saved (136ms):
	11 images (11 calibrated)
	0 points, 80555 vertices, 160456 faces
22:08:06 [App     ] Mesh saved: 80555 vertices, 160456 faces (134ms)
22:08:06 [App     ] MEMORYINFO: {
22:08:06 [App     ] 	VmPeak:	 5033380 kB
22:08:06 [App     ] 	VmSize:	 3664860 kB
22:08:06 [App     ] } ENDINFO
