11:12:13 [App     ] Build date: Feb 26 2020, 23:32:00
11:12:13 [App     ] CPU: Intel(R) Core(TM) i5-6300HQ CPU @ 2.30GHz (4 cores)
11:12:13 [App     ] RAM: 15.56GB Physical Memory 7.81GB Virtual Memory
11:12:13 [App     ] OS: Linux 4.15.0-96-generic (x86_64)
11:12:13 [App     ] SSE & AVX compatible CPU & OS detected
11:12:13 [App     ] Command line: scene_dense_mesh.mvs --scales 2 -w /home/qys/Documents/graduate_code/Code/3D_constructor_server/src/main/resources/static/api/models/653406/model/mvs
11:12:14 [App     ] Scene loaded (707ms):
	11 images (11 calibrated) with a total of 63.22 MPixels (5.75 MPixels/image)
	0 points, 453053 vertices, 905719 faces
11:12:27 [App     ] Cleaned mesh: 85102 vertices, 169822 faces (8s813ms)
11:12:27 [App     ] Cleaned mesh: 85102 vertices, 169822 faces (379ms)
11:12:39 [App     ] Cleaned mesh: 70478 vertices, 140341 faces (314ms)
11:12:39 [App     ] Mesh subdivided: 85102/169822 -> 70478/140341 vertices/faces
11:12:45 [App     ] 	 1. f: 0.52769 (7.4873e-06)	g: 0.10771 (1.5282e-06 - 1.1156e-04)	s: 0.500	v:     0
11:12:51 [App     ] 	 2. f: 0.52261 (7.4153e-06)	g: 0.03690 (5.2362e-07 - 8.4268e-05)	s: 0.490	v:     0
11:12:57 [App     ] 	 3. f: 0.51739 (7.3412e-06)	g: 0.02972 (4.2164e-07 - 7.1099e-05)	s: 0.480	v:     0
11:13:03 [App     ] 	 4. f: 0.51472 (7.3033e-06)	g: 0.02511 (3.5623e-07 - 6.2134e-05)	s: 0.471	v:     0
11:13:09 [App     ] 	 5. f: 0.51291 (7.2776e-06)	g: 0.02214 (3.1417e-07 - 5.5555e-05)	s: 0.461	v:     0
11:13:15 [App     ] 	 6. f: 0.51175 (7.2612e-06)	g: 0.02008 (2.8492e-07 - 5.0509e-05)	s: 0.452	v:     0
11:13:21 [App     ] 	 7. f: 0.51091 (7.2493e-06)	g: 0.01928 (2.7351e-07 - 4.6643e-05)	s: 0.443	v:     0
11:13:27 [App     ] 	 8. f: 0.51020 (7.2391e-06)	g: 0.01835 (2.6043e-07 - 4.3350e-05)	s: 0.434	v:     0
11:13:33 [App     ] 	 9. f: 0.50970 (7.2321e-06)	g: 0.01606 (2.2786e-07 - 4.0374e-05)	s: 0.425	v:     0
11:13:39 [App     ] 	10. f: 0.50921 (7.2251e-06)	g: 0.01574 (2.2334e-07 - 3.8126e-05)	s: 0.417	v:     0
11:13:45 [App     ] 	11. f: 0.50883 (7.2197e-06)	g: 0.01454 (2.0633e-07 - 3.6136e-05)	s: 0.409	v:     0
11:13:50 [App     ] 	12. f: 0.50854 (7.2156e-06)	g: 0.01423 (2.0185e-07 - 3.4425e-05)	s: 0.400	v:     0
11:13:56 [App     ] 	13. f: 0.50823 (7.2111e-06)	g: 0.01402 (1.9891e-07 - 3.3025e-05)	s: 0.392	v:     0
11:14:02 [App     ] 	14. f: 0.50803 (7.2083e-06)	g: 0.01332 (1.8906e-07 - 3.1720e-05)	s: 0.385	v:     0
11:14:08 [App     ] 	15. f: 0.50774 (7.2043e-06)	g: 0.01342 (1.9046e-07 - 3.0585e-05)	s: 0.377	v:     0
11:14:14 [App     ] 	16. f: 0.50768 (7.2033e-06)	g: 0.01391 (1.9740e-07 - 2.9527e-05)	s: 0.369	v:     0
11:14:20 [App     ] 	17. f: 0.50750 (7.2009e-06)	g: 0.01246 (1.7684e-07 - 2.8540e-05)	s: 0.362	v:     0
11:14:26 [App     ] 	18. f: 0.50733 (7.1983e-06)	g: 0.01189 (1.6865e-07 - 2.7712e-05)	s: 0.355	v:     0
11:14:32 [App     ] 	19. f: 0.50709 (7.1951e-06)	g: 0.01214 (1.7222e-07 - 2.7027e-05)	s: 0.348	v:     0
11:14:38 [App     ] 	20. f: 0.50694 (7.1928e-06)	g: 0.01206 (1.7112e-07 - 2.6345e-05)	s: 0.341	v:     0
11:14:46 [App     ] 	21. f: 0.50671 (7.1896e-06)	g: 0.01194 (1.6941e-07 - 2.5608e-05)	s: 0.334	v:     0
11:14:52 [App     ] 	22. f: 0.50670 (7.1895e-06)	g: 0.01814 (2.5739e-07 - 2.5312e-05)	s: 0.327	v:     0
11:14:58 [App     ] 	23. f: 0.50657 (7.1877e-06)	g: 0.01256 (1.7818e-07 - 2.4664e-05)	s: 0.321	v:     0
11:15:04 [App     ] 	24. f: 0.50648 (7.1864e-06)	g: 0.01208 (1.7134e-07 - 2.4147e-05)	s: 0.314	v:     0
11:15:09 [App     ] 	25. f: 0.50644 (7.1858e-06)	g: 0.01134 (1.6090e-07 - 2.3607e-05)	s: 0.308	v:     0
11:15:15 [App     ] 	26. f: 0.50623 (7.1828e-06)	g: 0.01032 (1.4647e-07 - 2.2992e-05)	s: 0.302	v:     0
11:15:21 [App     ] 	27. f: 0.50610 (7.1809e-06)	g: 0.01019 (1.4456e-07 - 2.2469e-05)	s: 0.296	v:     0
11:15:27 [App     ] 	28. f: 0.50595 (7.1788e-06)	g: 0.01082 (1.5345e-07 - 2.2030e-05)	s: 0.290	v:     0
11:15:33 [App     ] 	29. f: 0.50586 (7.1776e-06)	g: 0.01052 (1.4928e-07 - 2.1743e-05)	s: 0.284	v:     0
11:15:39 [App     ] 	30. f: 0.50583 (7.1771e-06)	g: 0.01269 (1.8006e-07 - 2.1550e-05)	s: 0.278	v:     0
11:15:45 [App     ] 	31. f: 0.50568 (7.1750e-06)	g: 0.01129 (1.6026e-07 - 2.1220e-05)	s: 0.273	v:     0
11:15:51 [App     ] 	32. f: 0.50561 (7.1739e-06)	g: 0.01023 (1.4518e-07 - 2.0828e-05)	s: 0.267	v:     0
11:15:57 [App     ] 	33. f: 0.50550 (7.1725e-06)	g: 0.01000 (1.4195e-07 - 2.1226e-05)	s: 0.262	v:     0
11:16:03 [App     ] 	34. f: 0.50546 (7.1718e-06)	g: 0.01019 (1.4457e-07 - 2.0874e-05)	s: 0.257	v:     0
11:16:16 [App     ] 	35. f: 0.50553 (7.1729e-06)	g: 0.01096 (1.5556e-07 - 2.0681e-05)	s: 0.252	v:     0
11:16:27 [App     ] 	36. f: 0.50551 (7.1726e-06)	g: 0.01017 (1.4430e-07 - 2.0273e-05)	s: 0.247	v:     0
11:16:34 [App     ] 	37. f: 0.50563 (7.1743e-06)	g: 0.01074 (1.5234e-07 - 2.0024e-05)	s: 0.242	v:     0
11:16:45 [App     ] 	38. f: 0.50567 (7.1748e-06)	g: 0.01265 (1.7946e-07 - 1.9734e-05)	s: 0.237	v:     0
11:16:53 [App     ] 	39. f: 0.50570 (7.1753e-06)	g: 0.00884 (1.2540e-07 - 1.9448e-05)	s: 0.232	v:     0
11:17:01 [App     ] 	40. f: 0.50570 (7.1752e-06)	g: 0.00856 (1.2146e-07 - 1.9215e-05)	s: 0.227	v:     0
11:17:09 [App     ] 	41. f: 0.50570 (7.1752e-06)	g: 0.00918 (1.3018e-07 - 1.9114e-05)	s: 0.223	v:     0
11:17:17 [App     ] 	42. f: 0.50573 (7.1758e-06)	g: 0.00857 (1.2165e-07 - 1.8819e-05)	s: 0.218	v:     0
11:17:24 [App     ] 	43. f: 0.50570 (7.1753e-06)	g: 0.00921 (1.3074e-07 - 1.8702e-05)	s: 0.214	v:     0
11:17:32 [App     ] 	44. f: 0.50574 (7.1759e-06)	g: 0.00963 (1.3659e-07 - 1.8510e-05)	s: 0.210	v:     0
11:17:40 [App     ] 	45. f: 0.50575 (7.1760e-06)	g: 0.00947 (1.3440e-07 - 1.8381e-05)	s: 0.206	v:     0
11:17:42 [App     ] Mesh subdivided: 70478/140341 -> 81198/161614 vertices/faces
11:18:19 [App     ] 	 1. f: 0.56313 (6.9353e-06)	g: 0.03175 (3.9105e-07 - 6.8073e-05)	s: 0.500	v:     0
11:18:41 [App     ] 	 2. f: 0.55063 (6.7814e-06)	g: 0.02314 (2.8493e-07 - 5.4030e-05)	s: 0.490	v:     0
11:19:04 [App     ] 	 3. f: 0.54155 (6.6695e-06)	g: 0.02019 (2.4862e-07 - 4.6260e-05)	s: 0.480	v:     0
11:19:25 [App     ] 	 4. f: 0.53476 (6.5859e-06)	g: 0.01741 (2.1446e-07 - 4.0563e-05)	s: 0.471	v:     0
11:19:47 [App     ] 	 5. f: 0.52928 (6.5184e-06)	g: 0.01721 (2.1198e-07 - 3.6459e-05)	s: 0.461	v:     0
11:20:09 [App     ] 	 6. f: 0.52523 (6.4684e-06)	g: 0.01451 (1.7866e-07 - 3.3201e-05)	s: 0.452	v:     0
11:20:31 [App     ] 	 7. f: 0.52165 (6.4244e-06)	g: 0.01427 (1.7572e-07 - 3.0689e-05)	s: 0.443	v:     0
11:20:53 [App     ] 	 8. f: 0.51884 (6.3898e-06)	g: 0.01263 (1.5555e-07 - 2.8379e-05)	s: 0.434	v:     0
11:21:15 [App     ] 	 9. f: 0.51645 (6.3604e-06)	g: 0.01171 (1.4420e-07 - 2.6540e-05)	s: 0.425	v:     0
11:21:37 [App     ] 	10. f: 0.51441 (6.3353e-06)	g: 0.01131 (1.3932e-07 - 2.4999e-05)	s: 0.417	v:     0
11:21:59 [App     ] 	11. f: 0.51275 (6.3148e-06)	g: 0.01125 (1.3856e-07 - 2.3763e-05)	s: 0.409	v:     0
11:22:21 [App     ] 	12. f: 0.51137 (6.2978e-06)	g: 0.01244 (1.5321e-07 - 2.2828e-05)	s: 0.400	v:     0
11:22:45 [App     ] 	13. f: 0.51029 (6.2845e-06)	g: 0.01104 (1.3598e-07 - 2.1710e-05)	s: 0.392	v:     0
11:23:07 [App     ] 	14. f: 0.50929 (6.2722e-06)	g: 0.01002 (1.2344e-07 - 2.0837e-05)	s: 0.385	v:     0
11:23:29 [App     ] 	15. f: 0.50837 (6.2608e-06)	g: 0.00979 (1.2057e-07 - 1.9968e-05)	s: 0.377	v:     0
11:23:50 [App     ] 	16. f: 0.50761 (6.2515e-06)	g: 0.00906 (1.1164e-07 - 1.9272e-05)	s: 0.369	v:     0
11:24:13 [App     ] 	17. f: 0.50690 (6.2428e-06)	g: 0.01081 (1.3316e-07 - 1.9489e-05)	s: 0.362	v:     0
11:24:34 [App     ] 	18. f: 0.50664 (6.2396e-06)	g: 0.00942 (1.1601e-07 - 1.8791e-05)	s: 0.355	v:     0
11:24:56 [App     ] 	19. f: 0.50617 (6.2338e-06)	g: 0.00969 (1.1933e-07 - 1.8288e-05)	s: 0.348	v:     0
11:25:18 [App     ] 	20. f: 0.50595 (6.2310e-06)	g: 0.00893 (1.1004e-07 - 1.7753e-05)	s: 0.341	v:     0
11:25:40 [App     ] 	21. f: 0.50569 (6.2279e-06)	g: 0.01039 (1.2797e-07 - 1.7322e-05)	s: 0.334	v:     0
11:26:02 [App     ] 	22. f: 0.50556 (6.2262e-06)	g: 0.00939 (1.1561e-07 - 1.6899e-05)	s: 0.327	v:     0
11:26:03 [App     ] Mesh refinement completed: 81198 vertices, 161614 faces (13m48s753ms)
11:26:03 [App     ] Scene saved (213ms):
	11 images (11 calibrated)
	0 points, 81198 vertices, 161614 faces
11:26:03 [App     ] Mesh saved: 81198 vertices, 161614 faces (125ms)
11:26:03 [App     ] MEMORYINFO: {
11:26:03 [App     ] 	VmPeak:	 4827792 kB
11:26:03 [App     ] 	VmSize:	 3342340 kB
11:26:03 [App     ] } ENDINFO
